0 info it worked if it ends with ok
1 verbose cli [ '/usr/local/bin/node', '/usr/local/bin/npm', 'start' ]
2 info using npm@3.10.8
3 info using node@v6.9.1
4 verbose run-script [ 'prestart', 'start', 'poststart' ]
5 info lifecycle platform-free@0.4.0~prestart: platform-free@0.4.0
6 silly lifecycle platform-free@0.4.0~prestart: no script for prestart, continuing
7 info lifecycle platform-free@0.4.0~start: platform-free@0.4.0
8 verbose lifecycle platform-free@0.4.0~start: unsafe-perm in lifecycle true
9 verbose lifecycle platform-free@0.4.0~start: PATH: /usr/local/lib/node_modules/npm/bin/node-gyp-bin:/data/wwwroot/mark/node_modules/.bin:/usr/local/bin:/usr/bin:/usr/local/sbin:/usr/sbin:/home/markmei/.local/bin:/home/markmei/bin
10 verbose lifecycle platform-free@0.4.0~start: CWD: /data/wwwroot/mark
11 silly lifecycle platform-free@0.4.0~start: Args: [ '-c', 'sudo  babel-node server/index.js ' ]
12 silly lifecycle platform-free@0.4.0~start: Returned: code: 1  signal: null
13 info lifecycle platform-free@0.4.0~start: Failed to exec start script
14 verbose stack Error: platform-free@0.4.0 start: `sudo  babel-node server/index.js `
14 verbose stack Exit status 1
14 verbose stack     at EventEmitter.<anonymous> (/usr/local/lib/node_modules/npm/lib/utils/lifecycle.js:255:16)
14 verbose stack     at emitTwo (events.js:106:13)
14 verbose stack     at EventEmitter.emit (events.js:191:7)
14 verbose stack     at ChildProcess.<anonymous> (/usr/local/lib/node_modules/npm/lib/utils/spawn.js:40:14)
14 verbose stack     at emitTwo (events.js:106:13)
14 verbose stack     at ChildProcess.emit (events.js:191:7)
14 verbose stack     at maybeClose (internal/child_process.js:877:16)
14 verbose stack     at Process.ChildProcess._handle.onexit (internal/child_process.js:226:5)
15 verbose pkgid platform-free@0.4.0
16 verbose cwd /data/wwwroot/mark
17 error Linux 3.10.0-327.22.2.el7.x86_64
18 error argv "/usr/local/bin/node" "/usr/local/bin/npm" "start"
19 error node v6.9.1
20 error npm  v3.10.8
21 error code ELIFECYCLE
22 error platform-free@0.4.0 start: `sudo  babel-node server/index.js `
22 error Exit status 1
23 error Failed at the platform-free@0.4.0 start script 'sudo  babel-node server/index.js '.
23 error Make sure you have the latest version of node.js and npm installed.
23 error If you do, this is most likely a problem with the platform-free package,
23 error not with npm itself.
23 error Tell the author that this fails on your system:
23 error     sudo  babel-node server/index.js
23 error You can get information on how to open an issue for this project with:
23 error     npm bugs platform-free
23 error Or if that isn't available, you can get their info via:
23 error     npm owner ls platform-free
23 error There is likely additional logging output above.
24 verbose exit [ 1, true ]
